<?xml version="1.0" encoding="UTF-8"?>
<!-- Generated by org.testng.reporters.JUnitXMLReporter -->
<testsuite ignored="2" hostname="LAPTOP-VP7C7DUP" failures="0" tests="1" name="Test" time="17.061" errors="0" timestamp="2026-04-06T10:46:22 IST">
  <testcase classname="testscript.HomeCanvasTest" name="verifyCanvasClick" time="9.062"/>
  <testcase classname="testscript.VerifyAgeTest" name="verifyAgewithValidAge" time="0.0">
    <ignored/>
  </testcase> <!-- verifyAgewithValidAge -->
  <testcase classname="testscript.VerifyAgeTest" name="verifyAgeWithInvalidAge" time="0.0">
    <ignored/>
  </testcase> <!-- verifyAgeWithInvalidAge -->
</testsuite> <!-- Test -->
