<?xml version="1.0" encoding="UTF-8"?>
<!-- Generated by org.testng.reporters.JUnitReportReporter -->
<testsuite hostname="LAPTOP-VP7C7DUP" failures="0" tests="2" name="testscript.VerifyAgeTest" time="20.895" errors="0" timestamp="2026-04-07T10:39:27 IST" skipped="0">
  <testcase classname="testscript.VerifyAgeTest" name="verifyAgewithValidAge" time="7.472"/>
  <testcase classname="testscript.VerifyAgeTest" name="verifyAgeWithInvalidAge" time="13.423"/>
</testsuite> <!-- testscript.VerifyAgeTest -->
