<?xml version="1.0" encoding="UTF-8"?>
<!-- Generated by org.testng.reporters.JUnitReportReporter -->
<testsuite hostname="LAPTOP-VP7C7DUP" failures="0" tests="2" name="testscript.VerifyAgeTest" time="21.117" errors="0" timestamp="2026-04-06T14:45:31 IST" skipped="0">
  <testcase classname="testscript.VerifyAgeTest" name="verifyAgeWithInvalidAge" time="14.418"/>
  <testcase classname="testscript.VerifyAgeTest" name="verifyAgewithValidAge" time="6.699"/>
</testsuite> <!-- testscript.VerifyAgeTest -->
