<?xml version="1.0" encoding="UTF-8"?>
<!-- Generated by org.testng.reporters.JUnitXMLReporter -->
<testsuite ignored="0" hostname="LAPTOP-VP7C7DUP" failures="0" tests="3" name="Test" time="28.486" errors="0" timestamp="2026-04-07T10:39:27 IST">
  <testcase classname="testscript.VerifyAgeTest" name="verifyAgeWithInvalidAge" time="4.739"/>
  <testcase classname="testscript.VerifyAgeTest" name="verifyAgewithValidAge" time="0.548"/>
  <testcase classname="testscript.HomeCanvasTest" name="verifyCanvasClick" time="0.548"/>
</testsuite> <!-- Test -->
