<?xml version="1.0" encoding="UTF-8"?>
<!-- Generated by org.testng.reporters.JUnitXMLReporter -->
<testsuite ignored="0" hostname="LAPTOP-VP7C7DUP" failures="0" tests="3" name="Test" time="28.383" errors="0" timestamp="2026-04-06T14:45:31 IST">
  <testcase classname="testscript.VerifyAgeTest" name="verifyAgeWithInvalidAge" time="8.162"/>
  <testcase classname="testscript.VerifyAgeTest" name="verifyAgewithValidAge" time="0.51"/>
  <testcase classname="testscript.HomeCanvasTest" name="verifyCanvasClick" time="0.502"/>
</testsuite> <!-- Test -->
