<?xml version="1.0" encoding="UTF-8"?>
<!-- Generated by org.testng.reporters.JUnitXMLReporter -->
<testsuite ignored="1" hostname="LAPTOP-VP7C7DUP" failures="0" tests="1" name="Test2" time="18.399" errors="0" timestamp="2026-04-04T14:58:11 IST">
  <testcase classname="testscript.VerifyAgeTest" name="verifyAgeWithInvalidAge" time="2.873"/>
  <testcase classname="testscript.VerifyAgeTest" name="verifyAgewithValidAge" time="0.0">
    <ignored/>
  </testcase> <!-- verifyAgewithValidAge -->
</testsuite> <!-- Test2 -->
