<?xml version="1.0" encoding="UTF-8"?>
<!-- Generated by org.testng.reporters.JUnitXMLReporter -->
<testsuite ignored="1" hostname="LAPTOP-VP7C7DUP" failures="0" tests="1" name="Test1" time="11.071" errors="0" timestamp="2026-04-04T14:57:52 IST">
  <testcase classname="testscript.VerifyAgeTest" name="verifyAgewithValidAge" time="1.781"/>
  <testcase classname="testscript.VerifyAgeTest" name="verifyAgeWithInvalidAge" time="0.0">
    <ignored/>
  </testcase> <!-- verifyAgeWithInvalidAge -->
</testsuite> <!-- Test1 -->
