<?xml version="1.0" encoding="UTF-8"?>
<testng-results ignored="0" total="3" passed="3" failed="0" skipped="0">
  <reporter-output>
  </reporter-output>
  <suite started-at="2026-04-06T14:45:02 IST" name="Suite" finished-at="2026-04-06T14:45:30 IST" duration-ms="28383">
    <groups>
      <group name="smoke">
        <method signature="HomeCanvasTest.verifyCanvasClick()[pri:0, instance:testscript.HomeCanvasTest@7dc3712]" name="verifyCanvasClick" class="testscript.HomeCanvasTest"/>
        <method signature="VerifyAgeTest.verifyAgeWithInvalidAge()[pri:0, instance:testscript.VerifyAgeTest@7dfb0c0f]" name="verifyAgeWithInvalidAge" class="testscript.VerifyAgeTest"/>
        <method signature="VerifyAgeTest.verifyAgewithValidAge()[pri:0, instance:testscript.VerifyAgeTest@7dfb0c0f]" name="verifyAgewithValidAge" class="testscript.VerifyAgeTest"/>
      </group> <!-- smoke -->
    </groups>
    <test started-at="2026-04-06T14:45:02 IST" name="Test" finished-at="2026-04-06T14:45:30 IST" duration-ms="28383">
      <class name="testscript.HomeCanvasTest">
        <test-method is-config="true" signature="initialiseDriver(java.lang.String)[pri:0, instance:testscript.HomeCanvasTest@7dc3712]" started-at="2026-04-06T14:45:23 IST" name="initialiseDriver" finished-at="2026-04-06T14:45:30 IST" duration-ms="6720" status="PASS">
          <params>
            <param index="0">
              <value>
                <![CDATA[chrome]]>
              </value>
            </param>
          </params>
          <reporter-output>
          </reporter-output>
        </test-method> <!-- initialiseDriver -->
        <test-method signature="verifyCanvasClick()[pri:0, instance:testscript.HomeCanvasTest@7dc3712]" started-at="2026-04-06T14:45:30 IST" name="verifyCanvasClick" description="Validating whether user is able to click on Canvas" finished-at="2026-04-06T14:45:30 IST" duration-ms="502" status="PASS">
          <reporter-output>
          </reporter-output>
        </test-method> <!-- verifyCanvasClick -->
        <test-method is-config="true" signature="driverQuit(org.testng.ITestResult)[pri:0, instance:testscript.HomeCanvasTest@7dc3712]" started-at="2026-04-06T14:45:30 IST" name="driverQuit" finished-at="2026-04-06T14:45:30 IST" duration-ms="4" status="PASS">
          <params>
            <param index="0">
              <value>
                <![CDATA[[TestResult name=verifyCanvasClick status=SUCCESS method=HomeCanvasTest.verifyCanvasClick()[pri:0, instance:testscript.HomeCanvasTest@7dc3712] output={null}]]]>
              </value>
            </param>
          </params>
          <reporter-output>
          </reporter-output>
        </test-method> <!-- driverQuit -->
      </class> <!-- testscript.HomeCanvasTest -->
      <class name="testscript.VerifyAgeTest">
        <test-method is-config="true" signature="initialiseDriver(java.lang.String)[pri:0, instance:testscript.VerifyAgeTest@7dfb0c0f]" started-at="2026-04-06T14:45:02 IST" name="initialiseDriver" finished-at="2026-04-06T14:45:08 IST" duration-ms="6255" status="PASS">
          <params>
            <param index="0">
              <value>
                <![CDATA[chrome]]>
              </value>
            </param>
          </params>
          <reporter-output>
          </reporter-output>
        </test-method> <!-- initialiseDriver -->
        <test-method signature="verifyAgeWithInvalidAge()[pri:0, instance:testscript.VerifyAgeTest@7dfb0c0f]" started-at="2026-04-06T14:45:08 IST" name="verifyAgeWithInvalidAge" description="Validating whether user log in failed for invalid age" finished-at="2026-04-06T14:45:16 IST" duration-ms="8162" status="PASS">
          <reporter-output>
          </reporter-output>
        </test-method> <!-- verifyAgeWithInvalidAge -->
        <test-method is-config="true" signature="driverQuit(org.testng.ITestResult)[pri:0, instance:testscript.VerifyAgeTest@7dfb0c0f]" started-at="2026-04-06T14:45:16 IST" name="driverQuit" finished-at="2026-04-06T14:45:16 IST" duration-ms="1" status="PASS">
          <params>
            <param index="0">
              <value>
                <![CDATA[[TestResult name=verifyAgeWithInvalidAge status=SUCCESS method=VerifyAgeTest.verifyAgeWithInvalidAge()[pri:0, instance:testscript.VerifyAgeTest@7dfb0c0f] output={null}]]]>
              </value>
            </param>
          </params>
          <reporter-output>
          </reporter-output>
        </test-method> <!-- driverQuit -->
        <test-method is-config="true" signature="initialiseDriver(java.lang.String)[pri:0, instance:testscript.VerifyAgeTest@7dfb0c0f]" started-at="2026-04-06T14:45:16 IST" name="initialiseDriver" finished-at="2026-04-06T14:45:23 IST" duration-ms="6189" status="PASS">
          <params>
            <param index="0">
              <value>
                <![CDATA[chrome]]>
              </value>
            </param>
          </params>
          <reporter-output>
          </reporter-output>
        </test-method> <!-- initialiseDriver -->
        <test-method signature="verifyAgewithValidAge()[pri:0, instance:testscript.VerifyAgeTest@7dfb0c0f]" started-at="2026-04-06T14:45:23 IST" name="verifyAgewithValidAge" description="Validating whether user is able to login with valid age" finished-at="2026-04-06T14:45:23 IST" duration-ms="510" status="PASS">
          <reporter-output>
          </reporter-output>
        </test-method> <!-- verifyAgewithValidAge -->
        <test-method is-config="true" signature="driverQuit(org.testng.ITestResult)[pri:0, instance:testscript.VerifyAgeTest@7dfb0c0f]" started-at="2026-04-06T14:45:23 IST" name="driverQuit" finished-at="2026-04-06T14:45:23 IST" duration-ms="0" status="PASS">
          <params>
            <param index="0">
              <value>
                <![CDATA[[TestResult name=verifyAgewithValidAge status=SUCCESS method=VerifyAgeTest.verifyAgewithValidAge()[pri:0, instance:testscript.VerifyAgeTest@7dfb0c0f] output={null}]]]>
              </value>
            </param>
          </params>
          <reporter-output>
          </reporter-output>
        </test-method> <!-- driverQuit -->
      </class> <!-- testscript.VerifyAgeTest -->
    </test> <!-- Test -->
  </suite> <!-- Suite -->
</testng-results>
